<?xml version="1.0" encoding="UTF-8"?>
<testsuite name="com.pipan.elephant.integration.CommandIntegrationTest" tests="1" skipped="0" failures="0" errors="0" timestamp="2021-01-14T22:25:35" hostname="arksys-Lenovo-Yoga-3-14" time="0.001">
  <properties/>
  <testcase name="testUnknownCommand()" classname="com.pipan.elephant.integration.CommandIntegrationTest" time="0.001"/>
  <system-out><![CDATA[]]></system-out>
  <system-err><![CDATA[]]></system-err>
</testsuite>
