<?xml version="1.0" encoding="UTF-8"?>
<testsuite name="com.pipan.elephant.integration.ComposerProjectIntegrationTest" tests="1" skipped="0" failures="0" errors="0" timestamp="2021-01-14T22:25:35" hostname="arksys-Lenovo-Yoga-3-14" time="0.003">
  <properties/>
  <testcase name="testComposerProject()" classname="com.pipan.elephant.integration.ComposerProjectIntegrationTest" time="0.003"/>
  <system-out><![CDATA[Installing composer project with dependencies
]]></system-out>
  <system-err><![CDATA[]]></system-err>
</testsuite>
