<?xml version="1.0" encoding="UTF-8"?>
<testsuite name="com.pipan.elephant.integration.StatusIntegrationTest" tests="6" skipped="0" failures="0" errors="0" timestamp="2021-01-15T16:32:19" hostname="arksys-Lenovo-Yoga-3-14" time="0.032">
  <properties/>
  <testcase name="testNotInitilizedDirectory()" classname="com.pipan.elephant.integration.StatusIntegrationTest" time="0.003"/>
  <testcase name="testRollbacked()" classname="com.pipan.elephant.integration.StatusIntegrationTest" time="0.009"/>
  <testcase name="testInitializedElephant()" classname="com.pipan.elephant.integration.StatusIntegrationTest" time="0.002"/>
  <testcase name="testInitializedStructure()" classname="com.pipan.elephant.integration.StatusIntegrationTest" time="0.003"/>
  <testcase name="testStaged()" classname="com.pipan.elephant.integration.StatusIntegrationTest" time="0.004"/>
  <testcase name="testUpgraded()" classname="com.pipan.elephant.integration.StatusIntegrationTest" time="0.004"/>
  <system-out><![CDATA[]]></system-out>
  <system-err><![CDATA[]]></system-err>
</testsuite>
