<?xml version="1.0" encoding="UTF-8"?>
<testsuite name="com.pipan.elephant.integration.InitIntegrationTest" tests="2" skipped="0" failures="0" errors="0" timestamp="2021-01-15T16:32:19" hostname="arksys-Lenovo-Yoga-3-14" time="0.062">
  <properties/>
  <testcase name="testNotInitilizedDirectory()" classname="com.pipan.elephant.integration.InitIntegrationTest" time="0.058"/>
  <testcase name="testInitializedElephant()" classname="com.pipan.elephant.integration.InitIntegrationTest" time="0.003"/>
  <system-out><![CDATA[Creating elephant file
Creating elephant file: done
Creating releases directory
Creating releases directory: done
Creating releases directory
Creating releases directory: done
]]></system-out>
  <system-err><![CDATA[]]></system-err>
</testsuite>
