<?xml version="1.0" encoding="UTF-8"?>
<testsuite name="com.pipan.cli.command.CommandArgumentTest" tests="5" skipped="0" failures="0" errors="0" timestamp="2021-01-14T22:25:35" hostname="arksys-Lenovo-Yoga-3-14" time="0.008">
  <properties/>
  <testcase name="testCreateFromStringWithEmptyString()" classname="com.pipan.cli.command.CommandArgumentTest" time="0.001"/>
  <testcase name="testCreateFromStringWithSwitch()" classname="com.pipan.cli.command.CommandArgumentTest" time="0.001"/>
  <testcase name="testCreateFromStringWithKeyValue()" classname="com.pipan.cli.command.CommandArgumentTest" time="0.001"/>
  <testcase name="testCreateFromStringWithKeyValueMultipleEqualsSigns()" classname="com.pipan.cli.command.CommandArgumentTest" time="0.001"/>
  <testcase name="testCreateFromStringWithKeyValueMultipleWords()" classname="com.pipan.cli.command.CommandArgumentTest" time="0.001"/>
  <system-out><![CDATA[]]></system-out>
  <system-err><![CDATA[]]></system-err>
</testsuite>
