<?xml version="1.0" encoding="UTF-8"?>
<testsuite name="com.pipan.elephant.integration.StageIntegrationTest" tests="6" skipped="0" failures="0" errors="0" timestamp="2021-01-15T16:32:19" hostname="arksys-Lenovo-Yoga-3-14" time="0.031">
  <properties/>
  <testcase name="testNotInitilizedDirectory()" classname="com.pipan.elephant.integration.StageIntegrationTest" time="0.003"/>
  <testcase name="testStageBehind()" classname="com.pipan.elephant.integration.StageIntegrationTest" time="0.008"/>
  <testcase name="testInitializedElephantInvalidJson()" classname="com.pipan.elephant.integration.StageIntegrationTest" time="0.004"/>
  <testcase name="testRemoveUnusedStages()" classname="com.pipan.elephant.integration.StageIntegrationTest" time="0.003"/>
  <testcase name="testInitializedElephant()" classname="com.pipan.elephant.integration.StageIntegrationTest" time="0.003"/>
  <testcase name="testInitializedElephantInvalidSource()" classname="com.pipan.elephant.integration.StageIntegrationTest" time="0.003"/>
  <system-out><![CDATA[Executing source code checkout from git
Installing composer dependencies
Executing source code checkout from git
Installing composer dependencies
Executing source code checkout from git
Installing composer dependencies
]]></system-out>
  <system-err><![CDATA[]]></system-err>
</testsuite>
