<?xml version="1.0" encoding="UTF-8"?>
<testsuite name="com.pipan.elephant.integration.RollbackIntegrationTest" tests="6" skipped="0" failures="0" errors="0" timestamp="2021-01-14T22:25:35" hostname="arksys-Lenovo-Yoga-3-14" time="0.02">
  <properties/>
  <testcase name="testInvalidJson()" classname="com.pipan.elephant.integration.RollbackIntegrationTest" time="0.003"/>
  <testcase name="testNotInitilizedDirectory()" classname="com.pipan.elephant.integration.RollbackIntegrationTest" time="0.002"/>
  <testcase name="testSingleVersion()" classname="com.pipan.elephant.integration.RollbackIntegrationTest" time="0.002"/>
  <testcase name="testStageAhead()" classname="com.pipan.elephant.integration.RollbackIntegrationTest" time="0.003"/>
  <testcase name="testFourVersions()" classname="com.pipan.elephant.integration.RollbackIntegrationTest" time="0.002"/>
  <testcase name="testInvalidSource()" classname="com.pipan.elephant.integration.RollbackIntegrationTest" time="0.003"/>
  <system-out><![CDATA[Set production link
Set production link: done
Reloading php fpm
Reloading php fpm: done
Set production link
Set production link: done
Reloading php fpm
Reloading php fpm: done
Set production link
Set production link: done
Reloading php fpm
Reloading php fpm: done
Set production link
Set production link: done
Reloading php fpm
Reloading php fpm: done
]]></system-out>
  <system-err><![CDATA[]]></system-err>
</testsuite>
